
2022-08-12 01:51:00,731 INFO Logger [main] [advcake_track_id=c40b37ed-9435-fee7-4535-dedb0b45dc6f; expires=вс, 11 сент. 2022 01:50:55 SAMT; path=/; domain=.otus.ru, oid=ce3d93fee1948c17bd027222b6dc3ab3; expires=сб, 16 сент. 2023 01:50:57 SAMT; path=/; domain=.otus.ru, sessionid=bi6jk5u90hk0jblyysetgu1yim9nyplc; expires=чт, 10 нояб. 2022 01:50:54 SAMT; path=/; domain=otus.ru, _ym_d=1660254656; expires=сб, 12 авг. 2023 01:50:55 SAMT; path=/; domain=.otus.ru;secure;, _tt_enable_cookie=1; expires=ср, 06 сент. 2023 01:50:56 SAMT; path=/; domain=.otus.ru, _ym_visorc=w; expires=пт, 12 авг. 2022 02:20:57 SAMT; path=/; domain=.otus.ru;secure;, _gid=GA1.2.2062658752.1660254655; expires=сб, 13 авг. 2022 01:50:55 SAMT; path=/; domain=.otus.ru, utm=utm_source%3Dtypein%26utm_medium%3Ddirect%26utm_campaign%3DNone; expires=сб, 16 сент. 2023 01:50:57 SAMT; path=/; domain=.otus.ru, _ym_uid=1660254656324647437; expires=сб, 12 авг. 2023 01:50:55 SAMT; path=/; domain=.otus.ru;secure;, _gat=1; expires=пт, 12 авг. 2022 01:51:55 SAMT; path=/; domain=.otus.ru, _ym_isad=2; expires=пт, 12 авг. 2022 09:50:56 SAMT; path=/; domain=.otus.ru;secure;, _ga=GA1.2.1962590300.1660254655; expires=сб, 16 сент. 2023 01:50:55 SAMT; path=/; domain=.otus.ru, _ttp=30b48e0b-d697-4c95-a9ca-52c7784cd825; expires=ср, 06 сент. 2023 01:50:56 SAMT; path=/; domain=.otus.ru, advcake_session_id=858eafa5-65af-325f-9a4c-6a51f213f7e7; expires=вс, 11 сент. 2022 01:50:55 SAMT; path=/; domain=.otus.ru]
2022-08-12 01:54:25,518 INFO WebDriverHomeWork [main] [advcake_track_id=2f9dea90-950b-b93c-59ec-8bdaef156be9; expires=вс, 11 сент. 2022 01:54:20 SAMT; path=/; domain=.otus.ru, oid=7f9c9fc5c08afd0167e58e2489c908bd; expires=сб, 16 сент. 2023 01:54:22 SAMT; path=/; domain=.otus.ru, sessionid=lngeeeyupy1zyj7wl1tg8aj8d0lgtkk6; expires=чт, 10 нояб. 2022 01:54:18 SAMT; path=/; domain=otus.ru, _ym_d=1660254860; expires=сб, 12 авг. 2023 01:54:20 SAMT; path=/; domain=.otus.ru;secure;, _tt_enable_cookie=1; expires=ср, 06 сент. 2023 01:54:21 SAMT; path=/; domain=.otus.ru, _ym_visorc=w; expires=пт, 12 авг. 2022 02:24:22 SAMT; path=/; domain=.otus.ru;secure;, _gid=GA1.2.778356759.1660254860; expires=сб, 13 авг. 2022 01:54:20 SAMT; path=/; domain=.otus.ru, utm=utm_source%3Dtypein%26utm_medium%3Ddirect%26utm_campaign%3DNone; expires=сб, 16 сент. 2023 01:54:22 SAMT; path=/; domain=.otus.ru, _ym_uid=1660254860612024879; expires=сб, 12 авг. 2023 01:54:20 SAMT; path=/; domain=.otus.ru;secure;, _gat=1; expires=пт, 12 авг. 2022 01:55:20 SAMT; path=/; domain=.otus.ru, _ym_isad=2; expires=пт, 12 авг. 2022 09:54:21 SAMT; path=/; domain=.otus.ru;secure;, _ga=GA1.2.1860317486.1660254860; expires=сб, 16 сент. 2023 01:54:20 SAMT; path=/; domain=.otus.ru, _ttp=1832eb04-fd8d-4095-a8a6-53e23b9648b8; expires=ср, 06 сент. 2023 01:54:21 SAMT; path=/; domain=.otus.ru, advcake_session_id=343d91d7-8741-6977-5963-ceb35af7298d; expires=вс, 11 сент. 2022 01:54:20 SAMT; path=/; domain=.otus.ru]
2022-08-12 02:04:49,677 INFO WebDriverHomeWork [main] [advcake_track_id=8b13e93c-3363-79ec-d007-728a2e75c506; expires=вс, 11 сент. 2022 02:04:45 SAMT; path=/; domain=.otus.ru, oid=883588a9347256dadd0e4da181a9eead; expires=сб, 16 сент. 2023 02:04:46 SAMT; path=/; domain=.otus.ru, _ym_d=1660255483; expires=сб, 12 авг. 2023 02:04:43 SAMT; path=/; domain=.otus.ru;secure;, sessionid=lqv3y5xn7z42p78jrh4bm7tmo2osbnot; expires=чт, 10 нояб. 2022 02:04:43 SAMT; path=/; domain=otus.ru, _tt_enable_cookie=1; expires=ср, 06 сент. 2023 02:04:45 SAMT; path=/; domain=.otus.ru, _ym_visorc=w; expires=пт, 12 авг. 2022 02:34:45 SAMT; path=/; domain=.otus.ru;secure;, _gid=GA1.2.1877132904.1660255484; expires=сб, 13 авг. 2022 02:04:43 SAMT; path=/; domain=.otus.ru, utm=utm_source%3Dtypein%26utm_medium%3Ddirect%26utm_campaign%3DNone; expires=сб, 16 сент. 2023 02:04:46 SAMT; path=/; domain=.otus.ru, _ym_uid=1660255483262310737; expires=сб, 12 авг. 2023 02:04:43 SAMT; path=/; domain=.otus.ru;secure;, _gat=1; expires=пт, 12 авг. 2022 02:05:43 SAMT; path=/; domain=.otus.ru, _ym_isad=2; expires=пт, 12 авг. 2022 10:04:45 SAMT; path=/; domain=.otus.ru;secure;, _ga=GA1.2.6133078.1660255484; expires=сб, 16 сент. 2023 02:04:43 SAMT; path=/; domain=.otus.ru, _ttp=bd0ee7ef-6898-4105-ba26-cc07d8a8ef7a; expires=ср, 06 сент. 2023 02:04:45 SAMT; path=/; domain=.otus.ru, advcake_session_id=e8142271-455d-1bdd-52c3-0edcee6bd7bc; expires=вс, 11 сент. 2022 02:04:45 SAMT; path=/; domain=.otus.ru]
2022-08-12 02:07:26,424 INFO WebDriverHomeWork [main] [advcake_track_url=https%3A%2F%2Fotus.ru%2F%3Futm_source%3Dadvcake%26utm_medium%3Dcpa%26utm_campaign%3Dotus%26utm_content%3Dcityads_52U1%26advcake_params%3D9tkZ1WTvkDZiwhG; expires=вс, 11 сент. 2022 02:07:26 SAMT; path=/; domain=.otus.ru, advcake_track_id=bc3f9247-282f-5e6c-7106-9cdd7be34fd6; expires=вс, 11 сент. 2022 02:07:26 SAMT; path=/; domain=.otus.ru, advcake_click_id=9tkZ1WTvkDZiwhG; expires=вс, 11 сент. 2022 02:07:26 SAMT; path=/; domain=.otus.ru, sessionid=9eo3noxpbw9rxh9v5kv3cpj1wwr6hls2; expires=чт, 10 нояб. 2022 02:07:18 SAMT; path=/; domain=otus.ru, _ym_d=1660255645; expires=сб, 12 авг. 2023 02:07:25 SAMT; path=/; domain=.otus.ru;secure;, _tt_enable_cookie=1; expires=ср, 06 сент. 2023 02:07:26 SAMT; path=/; domain=.otus.ru, _ym_visorc=w; expires=пт, 12 авг. 2022 02:37:26 SAMT; path=/; domain=.otus.ru;secure;, _gid=GA1.2.48547805.1660255646; expires=сб, 13 авг. 2022 02:07:25 SAMT; path=/; domain=.otus.ru, advcake_utm_partner=otus; expires=вс, 11 сент. 2022 02:07:26 SAMT; path=/; domain=.otus.ru, _ym_uid=1660255645507131327; expires=сб, 12 авг. 2023 02:07:25 SAMT; path=/; domain=.otus.ru;secure;, _gat=1; expires=пт, 12 авг. 2022 02:08:25 SAMT; path=/; domain=.otus.ru, _ym_isad=2; expires=пт, 12 авг. 2022 10:07:25 SAMT; path=/; domain=.otus.ru;secure;, _ga=GA1.2.997175272.1660255646; expires=сб, 16 сент. 2023 02:07:25 SAMT; path=/; domain=.otus.ru, _ttp=acd69cf7-105e-47a9-b323-a86ff9e0022e; expires=ср, 06 сент. 2023 02:07:26 SAMT; path=/; domain=.otus.ru, advcake_utm_webmaster=cityads_52U1; expires=вс, 11 сент. 2022 02:07:26 SAMT; path=/; domain=.otus.ru, advcake_session_id=8ee119c4-a327-25b8-b3e0-d7eda97fc2cf; expires=вс, 11 сент. 2022 02:07:25 SAMT; path=/; domain=.otus.ru]
2022-08-22 19:11:35,725 INFO WebDriverHomeWork [main] Драйвер поднят
2022-08-22 19:11:37,103 INFO WebDriverHomeWork [main] Кейс 2 пройден
2022-08-22 19:11:37,764 INFO WebDriverHomeWork [main] Выход
2022-08-22 19:11:51,900 INFO WebDriverHomeWork [main] Драйвер поднят
2022-08-22 19:11:57,461 INFO WebDriverHomeWork [main] Кейс 1 пройден
2022-08-22 19:11:57,926 INFO WebDriverHomeWork [main] Выход
2022-08-22 19:12:16,183 INFO WebDriverHomeWork [main] Драйвер поднят
2022-08-22 19:12:17,386 INFO WebDriverHomeWork [main] Кейс 2 пройден
2022-08-22 19:12:18,540 INFO WebDriverHomeWork [main] Выход
2022-08-22 19:12:31,690 INFO WebDriverHomeWork [main] Драйвер поднят
2022-08-22 19:12:39,335 INFO WebDriverHomeWork [main] [advcake_track_id=572d4f86-9fa7-12a0-4d95-5b41682a00fa; expires=ср, 21 сент. 2022 07:12:36 SAMT; path=/; domain=.otus.ru, oid=5e5dc63a4f001feb36542a0830fcd5cb; expires=вт, 26 сент. 2023 07:12:38 SAMT; path=/; domain=.otus.ru, _ym_d=1661181153; expires=вт, 22 авг. 2023 07:12:32 SAMT; path=/; domain=.otus.ru;secure;, sessionid=2o32m00ry574bj6epm45adfgfslv4b1t; expires=вс, 20 нояб. 2022 07:12:32 SAMT; path=/; domain=otus.ru, _tt_enable_cookie=1; expires=сб, 16 сент. 2023 07:12:36 SAMT; path=/; domain=.otus.ru, _ym_visorc=w; expires=пн, 22 авг. 2022 07:42:36 SAMT; path=/; domain=.otus.ru;secure;, _gid=GA1.2.1223811824.1661181157; expires=вт, 23 авг. 2022 07:12:36 SAMT; path=/; domain=.otus.ru, utm=utm_source%3Dtypein%26utm_medium%3Ddirect%26utm_campaign%3DNone; expires=вт, 26 сент. 2023 07:12:38 SAMT; path=/; domain=.otus.ru, _ym_uid=1661181153734201334; expires=вт, 22 авг. 2023 07:12:32 SAMT; path=/; domain=.otus.ru;secure;, _gat=1; expires=пн, 22 авг. 2022 07:13:36 SAMT; path=/; domain=.otus.ru, _ym_isad=2; expires=вт, 23 авг. 2022 03:12:36 SAMT; path=/; domain=.otus.ru;secure;, _ga=GA1.2.582645244.1661181157; expires=вт, 26 сент. 2023 07:12:36 SAMT; path=/; domain=.otus.ru, _ttp=23428c83-dbe6-4284-9e35-bacbff9e7923; expires=сб, 16 сент. 2023 07:12:36 SAMT; path=/; domain=.otus.ru, advcake_session_id=956ae223-fdd5-f53a-4b10-3ca69708b268; expires=ср, 21 сент. 2022 07:12:36 SAMT; path=/; domain=.otus.ru]
2022-08-22 19:12:39,335 INFO WebDriverHomeWork [main] Кейс 3 пройден
2022-08-22 19:12:39,905 INFO WebDriverHomeWork [main] Выход
2022-08-22 19:12:48,577 INFO WebDriverHomeWork [main] Драйвер поднят
2022-08-22 19:12:52,879 INFO WebDriverHomeWork [main] [advcake_track_id=a8df1725-2641-286e-b293-bc18d028920e; expires=ср, 21 сент. 2022 07:12:49 SAMT; path=/; domain=.otus.ru, oid=c1623ddb32d89e81863b0b0088017f62; expires=вт, 26 сент. 2023 07:12:52 SAMT; path=/; domain=.otus.ru, _ym_d=1661181170; expires=вт, 22 авг. 2023 07:12:49 SAMT; path=/; domain=.otus.ru;secure;, sessionid=pvkfoxs7846vq8csas0bymmk55xtcygu; expires=вс, 20 нояб. 2022 07:12:49 SAMT; path=/; domain=otus.ru, _tt_enable_cookie=1; expires=сб, 16 сент. 2023 07:12:51 SAMT; path=/; domain=.otus.ru, _ym_visorc=w; expires=пн, 22 авг. 2022 07:42:51 SAMT; path=/; domain=.otus.ru;secure;, _gid=GA1.2.1591250353.1661181170; expires=вт, 23 авг. 2022 07:12:49 SAMT; path=/; domain=.otus.ru, utm=utm_source%3Dtypein%26utm_medium%3Ddirect%26utm_campaign%3DNone; expires=вт, 26 сент. 2023 07:12:52 SAMT; path=/; domain=.otus.ru, _ym_uid=1661181170730021826; expires=вт, 22 авг. 2023 07:12:49 SAMT; path=/; domain=.otus.ru;secure;, _gat=1; expires=пн, 22 авг. 2022 07:13:49 SAMT; path=/; domain=.otus.ru, _ym_isad=2; expires=вт, 23 авг. 2022 03:12:51 SAMT; path=/; domain=.otus.ru;secure;, _ga=GA1.2.1760211431.1661181170; expires=вт, 26 сент. 2023 07:12:49 SAMT; path=/; domain=.otus.ru, _ttp=3c480e39-e8db-491e-bad1-1a474152d901; expires=сб, 16 сент. 2023 07:12:51 SAMT; path=/; domain=.otus.ru, advcake_session_id=75b4b4da-e797-d670-0cb3-7a1f57571d6f; expires=ср, 21 сент. 2022 07:12:49 SAMT; path=/; domain=.otus.ru]
2022-08-22 19:12:52,881 INFO WebDriverHomeWork [main] Кейс 3 пройден
2022-08-22 19:12:53,202 INFO WebDriverHomeWork [main] Выход
2022-08-22 19:12:54,263 INFO WebDriverHomeWork [main] Драйвер поднят
2022-08-22 19:12:59,102 INFO WebDriverHomeWork [main] Кейс 1 пройден
2022-08-22 19:12:59,533 INFO WebDriverHomeWork [main] Выход
2022-08-22 19:13:00,821 INFO WebDriverHomeWork [main] Драйвер поднят
2022-08-22 19:13:01,952 INFO WebDriverHomeWork [main] Кейс 2 пройден
2022-08-22 19:13:02,211 INFO WebDriverHomeWork [main] Выход
2022-08-22 19:25:22,407 INFO WebDriverHomeWork [main] Р”СЂР°Р№РІРµСЂ РїРѕРґРЅСЏС‚
2022-08-22 19:25:29,060 INFO WebDriverHomeWork [main] [advcake_track_id=aabc182d-5643-d16c-a654-404a296d7a00; expires=ср, 21 сент. 2022 07:25:27 SAMT; path=/; domain=.otus.ru, oid=231dea291544d995c6316aad4e107b8f; expires=вт, 26 сент. 2023 07:25:28 SAMT; path=/; domain=.otus.ru, _ym_d=1661181923; expires=вт, 22 авг. 2023 07:25:23 SAMT; path=/; domain=.otus.ru;secure;, sessionid=wjae8l40if4m2f01ui8xyad8fpfb38tp; expires=вс, 20 нояб. 2022 07:25:23 SAMT; path=/; domain=otus.ru, _tt_enable_cookie=1; expires=сб, 16 сент. 2023 07:25:27 SAMT; path=/; domain=.otus.ru, _ym_visorc=w; expires=пн, 22 авг. 2022 07:55:27 SAMT; path=/; domain=.otus.ru;secure;, _gid=GA1.2.521072935.1661181927; expires=вт, 23 авг. 2022 07:25:27 SAMT; path=/; domain=.otus.ru, utm=utm_source%3Dtypein%26utm_medium%3Ddirect%26utm_campaign%3DNone; expires=вт, 26 сент. 2023 07:25:28 SAMT; path=/; domain=.otus.ru, _ym_uid=1661181923181597546; expires=вт, 22 авг. 2023 07:25:23 SAMT; path=/; domain=.otus.ru;secure;, _gat=1; expires=пн, 22 авг. 2022 07:26:27 SAMT; path=/; domain=.otus.ru, _ym_isad=2; expires=вт, 23 авг. 2022 03:25:27 SAMT; path=/; domain=.otus.ru;secure;, _ga=GA1.2.473842028.1661181927; expires=вт, 26 сент. 2023 07:25:27 SAMT; path=/; domain=.otus.ru, _ttp=c8fc2d7f-3911-47ab-a7b5-3529a0f4e115; expires=сб, 16 сент. 2023 07:25:27 SAMT; path=/; domain=.otus.ru, advcake_session_id=d40ffb15-9262-eba4-3058-446f30fa50b5; expires=ср, 21 сент. 2022 07:25:27 SAMT; path=/; domain=.otus.ru]
2022-08-22 19:25:29,061 INFO WebDriverHomeWork [main] РљРµР№СЃ 3 РїСЂРѕР№РґРµРЅ
2022-08-22 19:25:29,481 INFO WebDriverHomeWork [main] Р’С‹С…РѕРґ
2022-08-22 19:25:30,648 INFO WebDriverHomeWork [main] Р”СЂР°Р№РІРµСЂ РїРѕРґРЅСЏС‚
2022-08-22 19:25:35,409 INFO WebDriverHomeWork [main] Р’С‹С…РѕРґ
2022-08-22 19:25:36,542 INFO WebDriverHomeWork [main] Р”СЂР°Р№РІРµСЂ РїРѕРґРЅСЏС‚
2022-08-22 19:25:38,349 INFO WebDriverHomeWork [main] РљРµР№СЃ 2 РїСЂРѕР№РґРµРЅ
2022-08-22 19:25:38,533 INFO WebDriverHomeWork [main] Р’С‹С…РѕРґ
2022-08-22 19:26:30,771 INFO WebDriverHomeWork [main] Р”СЂР°Р№РІРµСЂ РїРѕРґРЅСЏС‚
2022-08-22 19:26:37,544 INFO WebDriverHomeWork [main] [advcake_track_id=1b364a4f-72c0-1e25-8c6c-11225a9c7403; expires=ср, 21 сент. 2022 07:26:32 SAMT; path=/; domain=.otus.ru, oid=52d3fcbd4501b45b5952185c8f7a850d; expires=вт, 26 сент. 2023 07:26:36 SAMT; path=/; domain=.otus.ru, _ym_d=1661181992; expires=вт, 22 авг. 2023 07:26:32 SAMT; path=/; domain=.otus.ru;secure;, sessionid=xh7sm9g0jqjcglb9rimthiqr3liobrg8; expires=вс, 20 нояб. 2022 07:26:31 SAMT; path=/; domain=otus.ru, _tt_enable_cookie=1; expires=сб, 16 сент. 2023 07:26:35 SAMT; path=/; domain=.otus.ru, _ym_visorc=w; expires=пн, 22 авг. 2022 07:56:35 SAMT; path=/; domain=.otus.ru;secure;, _gid=GA1.2.156700525.1661181993; expires=вт, 23 авг. 2022 07:26:32 SAMT; path=/; domain=.otus.ru, utm=utm_source%3Dtypein%26utm_medium%3Ddirect%26utm_campaign%3DNone; expires=вт, 26 сент. 2023 07:26:36 SAMT; path=/; domain=.otus.ru, _ym_uid=1661181992913858332; expires=вт, 22 авг. 2023 07:26:32 SAMT; path=/; domain=.otus.ru;secure;, _gat=1; expires=пн, 22 авг. 2022 07:27:32 SAMT; path=/; domain=.otus.ru, _ym_isad=2; expires=вт, 23 авг. 2022 03:26:35 SAMT; path=/; domain=.otus.ru;secure;, _ga=GA1.2.279478775.1661181993; expires=вт, 26 сент. 2023 07:26:32 SAMT; path=/; domain=.otus.ru, _ttp=dfc61e73-7368-4855-8e05-1e3a4dca3b68; expires=сб, 16 сент. 2023 07:26:35 SAMT; path=/; domain=.otus.ru, advcake_session_id=feb1ed11-eada-b5a9-2253-58768b45abf4; expires=ср, 21 сент. 2022 07:26:32 SAMT; path=/; domain=.otus.ru]
2022-08-22 19:26:37,545 INFO WebDriverHomeWork [main] РљРµР№СЃ 3 РїСЂРѕР№РґРµРЅ
2022-08-22 19:26:38,155 INFO WebDriverHomeWork [main] Р’С‹С…РѕРґ
2022-08-22 19:26:39,244 INFO WebDriverHomeWork [main] Р”СЂР°Р№РІРµСЂ РїРѕРґРЅСЏС‚
2022-08-22 19:26:44,318 INFO WebDriverHomeWork [main] Р’С‹С…РѕРґ
2022-08-22 19:26:45,456 INFO WebDriverHomeWork [main] Р”СЂР°Р№РІРµСЂ РїРѕРґРЅСЏС‚
2022-08-22 19:26:46,677 INFO WebDriverHomeWork [main] РљРµР№СЃ 2 РїСЂРѕР№РґРµРЅ
2022-08-22 19:26:46,882 INFO WebDriverHomeWork [main] Р’С‹С…РѕРґ
2022-08-22 19:27:26,968 INFO WebDriverHomeWork [main] Р”СЂР°Р№РІРµСЂ РїРѕРґРЅСЏС‚
2022-08-22 19:27:35,331 INFO WebDriverHomeWork [main] Р’С‹С…РѕРґ
2022-08-23 01:12:06,839 INFO WebDriverHomeWork [main] Р”СЂР°Р№РІРµСЂ РїРѕРґРЅСЏС‚
2022-08-23 01:12:12,753 INFO WebDriverHomeWork [main] Р’С‹С…РѕРґ
2022-08-23 01:12:41,460 INFO WebDriverHomeWork [main] Р”СЂР°Р№РІРµСЂ РїРѕРґРЅСЏС‚
2022-08-23 01:12:46,584 INFO WebDriverHomeWork [main] Р’С‹С…РѕРґ
2022-08-23 01:13:33,481 INFO WebDriverHomeWork [main] Драйвер поднят
2022-08-23 01:13:41,024 INFO WebDriverHomeWork [main] Кейс 1 пройден
2022-08-23 01:13:41,488 INFO WebDriverHomeWork [main] Выход
2022-08-23 01:14:05,716 INFO WebDriverHomeWork [main] Драйвер поднят
2022-08-23 01:14:10,870 INFO WebDriverHomeWork [main] Кейс 1 пройден
2022-08-23 01:14:11,411 INFO WebDriverHomeWork [main] Выход
2022-08-23 01:14:39,474 INFO WebDriverHomeWork [main] Драйвер поднят
2022-08-23 01:14:47,874 INFO WebDriverHomeWork [main] [sessionid=uydacdv43bqf2jylkvznnud53e66hodi; expires=пн, 21 нояб. 2022 01:14:40 SAMT; path=/; domain=otus.ru]
2022-08-23 01:14:47,874 INFO WebDriverHomeWork [main] Кейс 3 пройден
2022-08-23 01:14:48,608 INFO WebDriverHomeWork [main] Выход
2022-08-23 01:14:50,319 INFO WebDriverHomeWork [main] Драйвер поднят
2022-08-23 01:14:53,913 INFO WebDriverHomeWork [main] Кейс 1 пройден
2022-08-23 01:14:54,453 INFO WebDriverHomeWork [main] Выход
2022-08-23 01:14:55,873 INFO WebDriverHomeWork [main] Драйвер поднят
2022-08-23 01:15:03,656 INFO WebDriverHomeWork [main] Кейс 2 пройден
2022-08-23 01:15:04,256 INFO WebDriverHomeWork [main] Выход
2022-08-23 01:22:37,209 INFO WebDriverHomeWork [main] Драйвер поднят
2022-08-23 01:22:45,878 INFO WebDriverHomeWork [main] [advcake_track_id=32aa849c-1f87-2214-0413-91314b90983a; expires=чт, 22 сент. 2022 01:22:43 SAMT; path=/; domain=.otus.ru, oid=4dfff655a5e1fc19d86f07cdfcf7f466; expires=ср, 27 сент. 2023 01:22:44 SAMT; path=/; domain=.otus.ru, _ym_d=1661203360; expires=ср, 23 авг. 2023 01:22:40 SAMT; path=/; domain=.otus.ru;secure;, sessionid=338s6o698wjdjhfsptadgolqu6kf79rt; expires=пн, 21 нояб. 2022 01:22:39 SAMT; path=/; domain=otus.ru, _tt_enable_cookie=1; expires=вс, 17 сент. 2023 01:22:43 SAMT; path=/; domain=.otus.ru, _ym_visorc=w; expires=вт, 23 авг. 2022 01:52:43 SAMT; path=/; domain=.otus.ru;secure;, _gid=GA1.2.1471999953.1661203363; expires=ср, 24 авг. 2022 01:22:43 SAMT; path=/; domain=.otus.ru, utm=utm_source%3Dtypein%26utm_medium%3Ddirect%26utm_campaign%3DNone; expires=ср, 27 сент. 2023 01:22:44 SAMT; path=/; domain=.otus.ru, _ym_uid=16612033601030594352; expires=ср, 23 авг. 2023 01:22:40 SAMT; path=/; domain=.otus.ru;secure;, _gat=1; expires=вт, 23 авг. 2022 01:23:43 SAMT; path=/; domain=.otus.ru, _ym_isad=2; expires=вт, 23 авг. 2022 09:22:43 SAMT; path=/; domain=.otus.ru;secure;, _ga=GA1.2.1416052433.1661203363; expires=ср, 27 сент. 2023 01:22:43 SAMT; path=/; domain=.otus.ru, _ttp=abe33d1c-7f44-4731-bc4a-f2e752a07aa0; expires=вс, 17 сент. 2023 01:22:43 SAMT; path=/; domain=.otus.ru, advcake_session_id=fd7905ef-0b59-7b0d-1efb-a07de51e4491; expires=чт, 22 сент. 2022 01:22:43 SAMT; path=/; domain=.otus.ru]
2022-08-23 01:22:45,879 INFO WebDriverHomeWork [main] Кейс 3 пройден
2022-08-23 01:22:46,458 INFO WebDriverHomeWork [main] Выход
2022-08-23 01:23:17,988 INFO WebDriverHomeWork [main] Драйвер поднят
2022-08-23 01:23:27,209 INFO WebDriverHomeWork [main] [advcake_track_id=045591c1-e865-c9f9-f4e2-e7c379aaedee; expires=чт, 22 сент. 2022 01:23:23 SAMT; path=/; domain=.otus.ru, oid=6736bea15da4d937b8043a3f0ddb27bd; expires=ср, 27 сент. 2023 01:23:25 SAMT; path=/; domain=.otus.ru, _ym_d=1661203399; expires=ср, 23 авг. 2023 01:23:19 SAMT; path=/; domain=.otus.ru;secure;, sessionid=0vz5mk6vuxpbsewvee1x3uejbbtzw2oo; expires=пн, 21 нояб. 2022 01:23:18 SAMT; path=/; domain=otus.ru, _tt_enable_cookie=1; expires=вс, 17 сент. 2023 01:23:23 SAMT; path=/; domain=.otus.ru, _ym_visorc=w; expires=вт, 23 авг. 2022 01:53:24 SAMT; path=/; domain=.otus.ru;secure;, _gid=GA1.2.1913986214.1661203400; expires=ср, 24 авг. 2022 01:23:20 SAMT; path=/; domain=.otus.ru, utm=utm_source%3Dtypein%26utm_medium%3Ddirect%26utm_campaign%3DNone; expires=ср, 27 сент. 2023 01:23:25 SAMT; path=/; domain=.otus.ru, _ym_uid=1661203399336607245; expires=ср, 23 авг. 2023 01:23:19 SAMT; path=/; domain=.otus.ru;secure;, _gat=1; expires=вт, 23 авг. 2022 01:24:20 SAMT; path=/; domain=.otus.ru, _ym_isad=2; expires=вт, 23 авг. 2022 09:23:23 SAMT; path=/; domain=.otus.ru;secure;, _ga=GA1.2.876636585.1661203400; expires=ср, 27 сент. 2023 01:23:20 SAMT; path=/; domain=.otus.ru, _ttp=d34dad00-b372-4b17-ae47-8185661b9773; expires=вс, 17 сент. 2023 01:23:23 SAMT; path=/; domain=.otus.ru, advcake_session_id=ead14077-5b83-d40e-3f07-008c4134abb3; expires=чт, 22 сент. 2022 01:23:23 SAMT; path=/; domain=.otus.ru]
2022-08-23 01:23:27,210 INFO WebDriverHomeWork [main] Кейс 3 пройден
2022-08-23 01:23:28,053 INFO WebDriverHomeWork [main] Выход
2022-08-23 01:23:29,866 INFO WebDriverHomeWork [main] Драйвер поднят
2022-08-23 01:23:34,439 INFO WebDriverHomeWork [main] Кейс 1 пройден
2022-08-23 01:23:34,987 INFO WebDriverHomeWork [main] Выход
2022-08-23 01:23:37,524 INFO WebDriverHomeWork [main] Драйвер поднят
2022-08-23 01:23:39,412 INFO WebDriverHomeWork [main] Кейс 2 пройден
2022-08-23 01:23:39,854 INFO WebDriverHomeWork [main] Выход
